{"name": "test_Credkart_registration_003", "status": "broken", "statusDetails": {"message": "selenium.common.exceptions.NoSuchElementException: Message: no such element: Unable to locate element: {\"method\":\"xpath\",\"selector\":\"//input[@id='name']\"}\n  (Session info: chrome=144.0.7559.98); For documentation on this error, please visit: https://www.selenium.dev/documentation/webdriver/troubleshooting/errors#nosuchelementexception\nStacktrace:\nSymbols not available. Dumping unresolved backtrace:\n\t0x7ff75631a535\n\t0x7ff75631a590\n\t0x7ff7560c10bd\n\t0x7ff75611c48e\n\t0x7ff75611c79c\n\t0x7ff75616d3a7\n\t0x7ff756169ef5\n\t0x7ff75610cc9c\n\t0x7ff75610dbe3\n\t0x7ff7565f7b60\n\t0x7ff7565f1f5d\n\t0x7ff75661311a\n\t0x7ff7563360a5\n\t0x7ff75633e73c\n\t0x7ff756323844\n\t0x7ff7563239f6\n\t0x7ff756309a07\n\t0x7ff9305c259d\n\t0x7ff93134af78", "trace": "self = <testCases.test_Credkart_User_Profile_001.Test_User_Profile object at 0x00000222709C8D60>\n\n    @pytest.mark.smoke\n    @pytest.mark.flaky(reruns=1, rerun_delay=1)\n    #@pytest.mark.dependency(depends=[\"test_verify_Credkart_url_001\"])\n    @pytest.mark.order(3)\n    def test_Credkart_registration_003(self):\n        self.log.info(\"Testcase test_Credkart_login_002 is started\")\n        self.driver.get(self.registration_url)\n        self.log.info(f\"Opening browser and getting {self.registration_url}\")\n        fake_username = Faker().user_name()# New\n        fake_email = Faker().email()# New\n        self.log.info(f\"Generated fake data for username--> {fake_username} and email --> {fake_email}\")\n        password_data = \"Credence_user_101@123\"\n        self.rp = Registration_Page_Class(self.driver)\n        # Enter Username\n        self.log.info(f\"Entering the Username--> {fake_username}\")\n>       self.rp.Enter_Name(fake_username)\n\ntestCases\\test_Credkart_User_Profile_001.py:139: \n_ _ _ _ _ _ _ _ _ _ _ _ _ _ _ _ _ _ _ _ _ _ _ _ _ _ _ _ _ _ _ _ _ _ _ _ _ _ _ _ _ _ _ _ _ _ _ _ _ _ _ _ _ _ _ _ _ _ _ _ _ _ _ _ _ _ _ _ _ _ _ _ _ _\npageObjects\\Registration_Page.py:15: in Enter_Name\n    self.driver.find_element(By.XPATH, self.text_name_xpath).send_keys(name)\n    ^^^^^^^^^^^^^^^^^^^^^^^^^^^^^^^^^^^^^^^^^^^^^^^^^^^^^^^^\n..\\..\\..\\AppData\\Local\\Programs\\Python\\Python313\\Lib\\site-packages\\selenium\\webdriver\\remote\\webdriver.py:802: in find_element\n    return self.execute(Command.FIND_ELEMENT, {\"using\": by, \"value\": value})[\"value\"]\n           ^^^^^^^^^^^^^^^^^^^^^^^^^^^^^^^^^^^^^^^^^^^^^^^^^^^^^^^^^^^^^^^^^\n..\\..\\..\\AppData\\Local\\Programs\\Python\\Python313\\Lib\\site-packages\\selenium\\webdriver\\remote\\webdriver.py:432: in execute\n    self.error_handler.check_response(response)\n_ _ _ _ _ _ _ _ _ _ _ _ _ _ _ _ _ _ _ _ _ _ _ _ _ _ _ _ _ _ _ _ _ _ _ _ _ _ _ _ _ _ _ _ _ _ _ _ _ _ _ _ _ _ _ _ _ _ _ _ _ _ _ _ _ _ _ _ _ _ _ _ _ _\n\nself = <selenium.webdriver.remote.errorhandler.ErrorHandler object at 0x0000022270A4A660>\nresponse = {'status': 404, 'value': '{\"value\":{\"error\":\"no such element\",\"message\":\"no such element: Unable to locate element: {\\...ff75633e73c\\\\n\\\\t0x7ff756323844\\\\n\\\\t0x7ff7563239f6\\\\n\\\\t0x7ff756309a07\\\\n\\\\t0x7ff9305c259d\\\\n\\\\t0x7ff93134af78\\\\n\"}}'}\n\n    def check_response(self, response: dict[str, Any]) -> None:\n        \"\"\"Check that a JSON response from the WebDriver does not have an error.\n    \n        Args:\n            response: The JSON response from the WebDriver server as a dictionary\n                object.\n    \n        Raises:\n            WebDriverException: If the response contains an error message.\n        \"\"\"\n        status = response.get(\"status\", None)\n        if not status or status == ErrorCode.SUCCESS:\n            return\n        value = None\n        message = response.get(\"message\", \"\")\n        screen: str = response.get(\"screen\", \"\")\n        stacktrace = None\n        if isinstance(status, int):\n            value_json = response.get(\"value\", None)\n            if value_json and isinstance(value_json, str):\n                try:\n                    value = json.loads(value_json)\n                    if isinstance(value, dict):\n                        if len(value) == 1:\n                            value = value[\"value\"]\n                        status = value.get(\"error\", None)\n                        if not status:\n                            status = value.get(\"status\", ErrorCode.UNKNOWN_ERROR)\n                            message = value.get(\"value\") or value.get(\"message\")\n                            if not isinstance(message, str):\n                                value = message\n                                message = message.get(\"message\") if isinstance(message, dict) else None\n                        else:\n                            message = value.get(\"message\", None)\n                except ValueError:\n                    pass\n    \n        exception_class: type[WebDriverException]\n        e = ErrorCode()\n        error_codes = [item for item in dir(e) if not item.startswith(\"__\")]\n        for error_code in error_codes:\n            error_info = getattr(ErrorCode, error_code)\n            if isinstance(error_info, list) and status in error_info:\n                exception_class = getattr(ExceptionMapping, error_code, WebDriverException)\n                break\n        else:\n            exception_class = WebDriverException\n    \n        if not value:\n            value = response[\"value\"]\n        if isinstance(value, str):\n            raise exception_class(value)\n        if message == \"\" and \"message\" in value:\n            message = value[\"message\"]\n    \n        screen = None  # type: ignore[assignment]\n        if \"screen\" in value:\n            screen = value[\"screen\"]\n    \n        stacktrace = None\n        st_value = value.get(\"stackTrace\") or value.get(\"stacktrace\")\n        if st_value:\n            if isinstance(st_value, str):\n                stacktrace = st_value.split(\"\\n\")\n            else:\n                stacktrace = []\n                try:\n                    for frame in st_value:\n                        line = frame.get(\"lineNumber\", \"\")\n                        file = frame.get(\"fileName\", \"<anonymous>\")\n                        if line:\n                            file = f\"{file}:{line}\"\n                        meth = frame.get(\"methodName\", \"<anonymous>\")\n                        if \"className\" in frame:\n                            meth = f\"{frame['className']}.{meth}\"\n                        msg = \"    at %s (%s)\"\n                        msg = msg % (meth, file)\n                        stacktrace.append(msg)\n                except TypeError:\n                    pass\n        if exception_class == UnexpectedAlertPresentException:\n            alert_text = None\n            if \"data\" in value:\n                alert_text = value[\"data\"].get(\"text\")\n            elif \"alert\" in value:\n                alert_text = value[\"alert\"].get(\"text\")\n            raise exception_class(message, screen, stacktrace, alert_text)  # type: ignore[call-arg]  # mypy is not smart enough here\n>       raise exception_class(message, screen, stacktrace)\nE       selenium.common.exceptions.NoSuchElementException: Message: no such element: Unable to locate element: {\"method\":\"xpath\",\"selector\":\"//input[@id='name']\"}\nE         (Session info: chrome=144.0.7559.98); For documentation on this error, please visit: https://www.selenium.dev/documentation/webdriver/troubleshooting/errors#nosuchelementexception\nE       Stacktrace:\nE       Symbols not available. Dumping unresolved backtrace:\nE       \t0x7ff75631a535\nE       \t0x7ff75631a590\nE       \t0x7ff7560c10bd\nE       \t0x7ff75611c48e\nE       \t0x7ff75611c79c\nE       \t0x7ff75616d3a7\nE       \t0x7ff756169ef5\nE       \t0x7ff75610cc9c\nE       \t0x7ff75610dbe3\nE       \t0x7ff7565f7b60\nE       \t0x7ff7565f1f5d\nE       \t0x7ff75661311a\nE       \t0x7ff7563360a5\nE       \t0x7ff75633e73c\nE       \t0x7ff756323844\nE       \t0x7ff7563239f6\nE       \t0x7ff756309a07\nE       \t0x7ff9305c259d\nE       \t0x7ff93134af78\n\n..\\..\\..\\AppData\\Local\\Programs\\Python\\Python313\\Lib\\site-packages\\selenium\\webdriver\\remote\\errorhandler.py:232: NoSuchElementException"}, "attachments": [{"name": "log", "source": "4ae03e29-11fe-4847-8d21-12e4f0c47d50-attachment.txt", "type": "text/plain"}, {"name": "stdout", "source": "c2b62b84-7e45-48e9-91c8-430ef396973a-attachment.txt", "type": "text/plain"}, {"name": "stderr", "source": "36a7a2f6-6e32-4991-abe3-ddfd81ef6a9f-attachment.txt", "type": "text/plain"}], "start": 1769837908691, "stop": 1769837914408, "uuid": "38a85115-f0ce-4099-8dcc-947acf322484", "historyId": "345fe2179dc8a6030a6ce2042cd13ddc", "testCaseId": "345fe2179dc8a6030a6ce2042cd13ddc", "fullName": "testCases.test_Credkart_User_Profile_001.Test_User_Profile#test_Credkart_registration_003", "labels": [{"name": "tag", "value": "smoke"}, {"name": "parentSuite", "value": "testCases"}, {"name": "suite", "value": "test_Credkart_User_Profile_001"}, {"name": "subSuite", "value": "Test_User_Profile"}, {"name": "host", "value": "DESKTOP-88CNS0T"}, {"name": "thread", "value": "28036-MainThread"}, {"name": "framework", "value": "pytest"}, {"name": "language", "value": "cpython3"}, {"name": "package", "value": "testCases.test_Credkart_User_Profile_001"}]}